Arguments: 
  /opt/homebrew/Cellar/node/19.0.1/bin/node /opt/homebrew/Cellar/yarn/1.22.19/libexec/bin/yarn.js install

PATH: 
  /Users/johnphilip/Library/pnpm:/opt/homebrew/bin:/opt/homebrew/sbin:/usr/local/bin:/System/Cryptexes/App/usr/bin:/usr/bin:/bin:/usr/sbin:/sbin:/Users/johnphilip/Library/pnpm:/opt/homebrew/bin:/opt/homebrew/sbin:/Users/johnphilip/.cargo/bin

Yarn version: 
  1.22.19

Node version: 
  19.0.1

Platform: 
  darwin arm64

Trace: 
  Error: ENOENT: no such file or directory, copyfile '/Users/johnphilip/Library/Caches/Yarn/v6/npm-estraverse-4.3.0-398ad3f3c5a24948be7725e83d11a7de28cdbd1d-integrity/node_modules/estraverse/LICENSE.BSD' -> '/Users/johnphilip/Desktop/work/kikao-back/node_modules/@typescript-eslint/utils/node_modules/estraverse/LICENSE.BSD'

npm manifest: 
  {
      "name": "kikao",
      "version": "1.0.0",
      "description": "A boilerplate for a nodejs backend application written in Typescript",
      "main": "dist/server.js",
      "author": "Christos Panagiotakopoulos <chrispanag@gmail.com>",
      "license": "MIT",
      "private": true,
      "scripts": {
          "build": "yarn tsc",
          "start": "yarn node ./dist/server.js",
          "dev": "yarn run build && yarn run concurrently \"yarn run build -w\" \"yarn nodemon\"",
          "lint": "yarn eslint '*/**/*.ts' -c .eslintrc.js --ignore-path .eslintignore"
      },
      "devDependencies": {
          "@types/bcryptjs": "^2.4.2",
          "@types/body-parser": "^1.19.2",
          "@types/compression": "^1.7.2",
          "@types/cookie-session": "^2.0.44",
          "@types/cors": "^2.8.12",
          "@types/express": "^4.17.13",
          "@types/jsonwebtoken": "^9.0.0",
          "@types/mongo-sanitize": "^1.0.1",
          "@types/multer": "^1.4.7",
          "@typescript-eslint/eslint-plugin": "^5.10.1",
          "@typescript-eslint/parser": "^5.10.1",
          "concurrently": "^7.0.0",
          "eslint": "^8.7.0",
          "eslint-config-prettier": "^8.3.0",
          "eslint-plugin-prettier": "^4.0.0",
          "prettier": "^2.5.1",
          "typescript": "^4.5.5"
      },
      "dependencies": {
          "body-parser": "^1.19.1",
          "compression": "^1.7.4",
          "cookie-session": "^2.0.0",
          "cors": "^2.8.5",
          "dotenv": "^14.3.2",
          "express": "^4.17.2",
          "express-rate-limit": "^6.7.0",
          "jsonwebtoken": "^9.0.0",
          "mongo-sanitize": "^1.1.0",
          "mongodb": "^4.13.0",
          "mongoose": "^6.8.2",
          "multer": "1.4.5-lts.1",
          "nanoid": "^3.3.4",
          "nodemon": "^2.0.15"
      },
      "engines": {
          "node": ">=14.5.0"
      }
  }

yarn manifest: 
  No manifest

Lockfile: 
  No lockfile
